<?xml version="1.0" encoding="UTF-8"?>
<!-- Generated by org.testng.reporters.JUnitXMLReporter -->
<testsuite ignored="0" hostname="DESKTOP-K0ONJ7J" failures="0" tests="5" name="Default test" time="34.935" errors="0" timestamp="2024-09-22T19:05:23 IST">
  <testcase classname="com.sausedemo.qa.TestCases.LoginDDT" name="ValidateLogin" time="5.366"/>
  <testcase classname="com.sausedemo.qa.TestCases.LoginDDT" name="ValidateLogin" time="4.293"/>
  <testcase classname="com.sausedemo.qa.TestCases.LoginDDT" name="ValidateLogin" time="4.3"/>
  <testcase classname="com.sausedemo.qa.TestCases.LoginDDT" name="ValidateLogin" time="4.294"/>
  <testcase classname="com.sausedemo.qa.TestCases.LoginDDT" name="ValidateLogin" time="9.52"/>
</testsuite> <!-- Default test -->
