<?xml version="1.0" encoding="UTF-8"?>
<!-- Generated by org.testng.reporters.JUnitXMLReporter -->
<testsuite ignored="0" hostname="DESKTOP-K0ONJ7J" failures="0" tests="3" name="Default test" time="18.423" errors="0" timestamp="2024-09-21T20:52:30 IST">
  <testcase classname="com.sausedemo.qa.TestCases.Homepage_Products" name="validateMenu" time="4.737"/>
  <testcase classname="com.sausedemo.qa.TestCases.Homepage_Products" name="ValidateNorOfproducts" time="0.023"/>
  <testcase classname="com.sausedemo.qa.TestCases.Homepage_Products" name="ValidateAddCart" time="6.87"/>
</testsuite> <!-- Default test -->
