<?xml version="1.0" encoding="UTF-8"?>
<testng-results ignored="0" total="3" passed="3" failed="0" skipped="0">
  <reporter-output>
  </reporter-output>
  <suite started-at="2024-09-21T20:52:11 IST" name="Default suite" finished-at="2024-09-21T20:52:30 IST" duration-ms="18423">
    <groups>
    </groups>
    <test started-at="2024-09-21T20:52:11 IST" name="Default test" finished-at="2024-09-21T20:52:30 IST" duration-ms="18423">
      <class name="com.sausedemo.qa.TestCases.Homepage_Products">
        <test-method is-config="true" signature="SetUp()[pri:0, instance:com.sausedemo.qa.TestCases.Homepage_Products@8458f04]" started-at="2024-09-21T20:52:11 IST" name="SetUp" finished-at="2024-09-21T20:52:16 IST" duration-ms="4555" status="PASS">
          <reporter-output>
          </reporter-output>
        </test-method> <!-- SetUp -->
        <test-method signature="validateMenu()[pri:1, instance:com.sausedemo.qa.TestCases.Homepage_Products@8458f04]" started-at="2024-09-21T20:52:16 IST" name="validateMenu" finished-at="2024-09-21T20:52:21 IST" duration-ms="4737" status="PASS">
          <reporter-output>
          </reporter-output>
        </test-method> <!-- validateMenu -->
        <test-method signature="ValidateNorOfproducts()[pri:2, instance:com.sausedemo.qa.TestCases.Homepage_Products@8458f04]" started-at="2024-09-21T20:52:21 IST" name="ValidateNorOfproducts" finished-at="2024-09-21T20:52:21 IST" duration-ms="23" status="PASS">
          <reporter-output>
          </reporter-output>
        </test-method> <!-- ValidateNorOfproducts -->
        <test-method signature="ValidateAddCart()[pri:3, instance:com.sausedemo.qa.TestCases.Homepage_Products@8458f04]" started-at="2024-09-21T20:52:21 IST" name="ValidateAddCart" finished-at="2024-09-21T20:52:27 IST" duration-ms="6870" status="PASS">
          <reporter-output>
          </reporter-output>
        </test-method> <!-- ValidateAddCart -->
        <test-method is-config="true" signature="tearDown()[pri:0, instance:com.sausedemo.qa.TestCases.Homepage_Products@8458f04]" started-at="2024-09-21T20:52:27 IST" name="tearDown" finished-at="2024-09-21T20:52:30 IST" duration-ms="2182" status="PASS">
          <reporter-output>
          </reporter-output>
        </test-method> <!-- tearDown -->
      </class> <!-- com.sausedemo.qa.TestCases.Homepage_Products -->
    </test> <!-- Default test -->
  </suite> <!-- Default suite -->
</testng-results>
