<?xml version="1.0" encoding="UTF-8"?>
<testng-results ignored="0" total="5" passed="5" failed="0" skipped="0">
  <reporter-output>
  </reporter-output>
  <suite started-at="2024-09-22T19:04:48 IST" name="Default suite" finished-at="2024-09-22T19:05:23 IST" duration-ms="34935">
    <groups>
    </groups>
    <test started-at="2024-09-22T19:04:48 IST" name="Default test" finished-at="2024-09-22T19:05:23 IST" duration-ms="34935">
      <class name="com.sausedemo.qa.TestCases.LoginDDT">
        <test-method is-config="true" signature="SetUp()[pri:0, instance:com.sausedemo.qa.TestCases.LoginDDT@18271936]" started-at="2024-09-22T19:04:48 IST" name="SetUp" finished-at="2024-09-22T19:04:53 IST" duration-ms="4971" status="PASS">
          <reporter-output>
          </reporter-output>
        </test-method> <!-- SetUp -->
        <test-method signature="ValidateLogin(java.lang.String,java.lang.String)[pri:0, instance:com.sausedemo.qa.TestCases.LoginDDT@18271936]" started-at="2024-09-22T19:04:53 IST" name="ValidateLogin" data-provider="dp by Arry Object" finished-at="2024-09-22T19:04:59 IST" duration-ms="5366" status="PASS">
          <params>
            <param index="0">
              <value>
                <![CDATA[standard_user]]>
              </value>
            </param>
            <param index="1">
              <value>
                <![CDATA[secret_sauce]]>
              </value>
            </param>
          </params>
          <reporter-output>
          </reporter-output>
        </test-method> <!-- ValidateLogin -->
        <test-method signature="ValidateLogin(java.lang.String,java.lang.String)[pri:0, instance:com.sausedemo.qa.TestCases.LoginDDT@18271936]" started-at="2024-09-22T19:04:59 IST" name="ValidateLogin" data-provider="dp by Arry Object" finished-at="2024-09-22T19:05:03 IST" duration-ms="4293" status="PASS">
          <params>
            <param index="0">
              <value>
                <![CDATA[]]>
              </value>
            </param>
            <param index="1">
              <value>
                <![CDATA[]]>
              </value>
            </param>
          </params>
          <reporter-output>
          </reporter-output>
        </test-method> <!-- ValidateLogin -->
        <test-method signature="ValidateLogin(java.lang.String,java.lang.String)[pri:0, instance:com.sausedemo.qa.TestCases.LoginDDT@18271936]" started-at="2024-09-22T19:05:03 IST" name="ValidateLogin" data-provider="dp by Arry Object" finished-at="2024-09-22T19:05:07 IST" duration-ms="4300" status="PASS">
          <params>
            <param index="0">
              <value>
                <![CDATA[saadbvaebfb@rghh]]>
              </value>
            </param>
            <param index="1">
              <value>
                <![CDATA[]]>
              </value>
            </param>
          </params>
          <reporter-output>
          </reporter-output>
        </test-method> <!-- ValidateLogin -->
        <test-method signature="ValidateLogin(java.lang.String,java.lang.String)[pri:0, instance:com.sausedemo.qa.TestCases.LoginDDT@18271936]" started-at="2024-09-22T19:05:07 IST" name="ValidateLogin" data-provider="dp by Arry Object" finished-at="2024-09-22T19:05:11 IST" duration-ms="4294" status="PASS">
          <params>
            <param index="0">
              <value>
                <![CDATA[]]>
              </value>
            </param>
            <param index="1">
              <value>
                <![CDATA[secret_sauce]]>
              </value>
            </param>
          </params>
          <reporter-output>
          </reporter-output>
        </test-method> <!-- ValidateLogin -->
        <test-method signature="ValidateLogin(java.lang.String,java.lang.String)[pri:0, instance:com.sausedemo.qa.TestCases.LoginDDT@18271936]" started-at="2024-09-22T19:05:11 IST" name="ValidateLogin" data-provider="dp by Arry Object" finished-at="2024-09-22T19:05:21 IST" duration-ms="9520" status="PASS">
          <params>
            <param index="0">
              <value>
                <![CDATA[performance_glitch_user]]>
              </value>
            </param>
            <param index="1">
              <value>
                <![CDATA[secret_sauce]]>
              </value>
            </param>
          </params>
          <reporter-output>
          </reporter-output>
        </test-method> <!-- ValidateLogin -->
        <test-method is-config="true" signature="tearDown()[pri:0, instance:com.sausedemo.qa.TestCases.LoginDDT@18271936]" started-at="2024-09-22T19:05:21 IST" name="tearDown" finished-at="2024-09-22T19:05:23 IST" duration-ms="2116" status="PASS">
          <reporter-output>
          </reporter-output>
        </test-method> <!-- tearDown -->
      </class> <!-- com.sausedemo.qa.TestCases.LoginDDT -->
    </test> <!-- Default test -->
  </suite> <!-- Default suite -->
</testng-results>
